<?xml version="1.0" encoding="UTF-8"?>
<!-- Generated by org.testng.reporters.JUnitReportReporter -->
<testsuite hostname="admins-MacBook-Pro-7.local" failures="0" tests="2" name="clearbridgemobile.SeleniumTest" time="0.000" errors="0" timestamp="2021-02-24T16:49:24 EST" skipped="0">
  <testcase classname="clearbridgemobile.SeleniumTest" name="BrowserAUtomation" time="0.000"/>
  <system-out/>
  <testcase classname="clearbridgemobile.SeleniumTest" name="elementsUi" time="0.000"/>
  <system-out/>
</testsuite> <!-- clearbridgemobile.SeleniumTest -->
